<?xml version="1.0" encoding="UTF-8"?>
<testsuite xmlns:xsi="http://www.w3.org/2001/XMLSchema-instance" xsi:noNamespaceSchemaLocation="https://maven.apache.org/surefire/maven-surefire-plugin/xsd/surefire-test-report-3.0.xsd" version="3.0" name="com.tests.SeleniumTest" time="44.557" tests="5" errors="3" skipped="0" failures="0">
  <properties>
    <property name="sun.desktop" value="windows"/>
    <property name="awt.toolkit" value="sun.awt.windows.WToolkit"/>
    <property name="java.specification.version" value="11"/>
    <property name="sun.cpu.isalist" value="amd64"/>
    <property name="sun.jnu.encoding" value="Cp1250"/>
    <property name="java.class.path" value="C:\Users\dhryciuk\Desktop\Szkolka_selenium\Selenium_automationpractice_full_framework\target\test-classes;C:\Users\dhryciuk\Desktop\Szkolka_selenium\Selenium_automationpractice_full_framework\target\classes;C:\Users\dhryciuk\.m2\repository\org\seleniumhq\selenium\selenium-java\3.141.59\selenium-java-3.141.59.jar;C:\Users\dhryciuk\.m2\repository\org\seleniumhq\selenium\selenium-api\3.141.59\selenium-api-3.141.59.jar;C:\Users\dhryciuk\.m2\repository\org\seleniumhq\selenium\selenium-chrome-driver\3.141.59\selenium-chrome-driver-3.141.59.jar;C:\Users\dhryciuk\.m2\repository\org\seleniumhq\selenium\selenium-edge-driver\3.141.59\selenium-edge-driver-3.141.59.jar;C:\Users\dhryciuk\.m2\repository\org\seleniumhq\selenium\selenium-firefox-driver\3.141.59\selenium-firefox-driver-3.141.59.jar;C:\Users\dhryciuk\.m2\repository\org\seleniumhq\selenium\selenium-ie-driver\3.141.59\selenium-ie-driver-3.141.59.jar;C:\Users\dhryciuk\.m2\repository\org\seleniumhq\selenium\selenium-opera-driver\3.141.59\selenium-opera-driver-3.141.59.jar;C:\Users\dhryciuk\.m2\repository\org\seleniumhq\selenium\selenium-remote-driver\3.141.59\selenium-remote-driver-3.141.59.jar;C:\Users\dhryciuk\.m2\repository\org\seleniumhq\selenium\selenium-safari-driver\3.141.59\selenium-safari-driver-3.141.59.jar;C:\Users\dhryciuk\.m2\repository\net\bytebuddy\byte-buddy\1.8.15\byte-buddy-1.8.15.jar;C:\Users\dhryciuk\.m2\repository\org\apache\commons\commons-exec\1.3\commons-exec-1.3.jar;C:\Users\dhryciuk\.m2\repository\com\google\guava\guava\25.0-jre\guava-25.0-jre.jar;C:\Users\dhryciuk\.m2\repository\com\google\code\findbugs\jsr305\1.3.9\jsr305-1.3.9.jar;C:\Users\dhryciuk\.m2\repository\org\checkerframework\checker-compat-qual\2.0.0\checker-compat-qual-2.0.0.jar;C:\Users\dhryciuk\.m2\repository\com\google\errorprone\error_prone_annotations\2.1.3\error_prone_annotations-2.1.3.jar;C:\Users\dhryciuk\.m2\repository\com\google\j2objc\j2objc-annotations\1.1\j2objc-annotations-1.1.jar;C:\Users\dhryciuk\.m2\repository\org\codehaus\mojo\animal-sniffer-annotations\1.14\animal-sniffer-annotations-1.14.jar;C:\Users\dhryciuk\.m2\repository\com\squareup\okhttp3\okhttp\3.11.0\okhttp-3.11.0.jar;C:\Users\dhryciuk\.m2\repository\com\squareup\okio\okio\1.14.0\okio-1.14.0.jar;C:\Users\dhryciuk\.m2\repository\org\junit\jupiter\junit-jupiter-engine\5.7.1\junit-jupiter-engine-5.7.1.jar;C:\Users\dhryciuk\.m2\repository\org\apiguardian\apiguardian-api\1.1.0\apiguardian-api-1.1.0.jar;C:\Users\dhryciuk\.m2\repository\org\junit\platform\junit-platform-engine\1.7.1\junit-platform-engine-1.7.1.jar;C:\Users\dhryciuk\.m2\repository\org\junit\jupiter\junit-jupiter-api\5.7.1\junit-jupiter-api-5.7.1.jar;C:\Users\dhryciuk\.m2\repository\org\opentest4j\opentest4j\1.2.0\opentest4j-1.2.0.jar;C:\Users\dhryciuk\.m2\repository\org\junit\platform\junit-platform-commons\1.7.1\junit-platform-commons-1.7.1.jar;C:\Users\dhryciuk\.m2\repository\org\seleniumhq\selenium\selenium-support\3.141.59\selenium-support-3.141.59.jar;C:\Users\dhryciuk\.m2\repository\org\hamcrest\hamcrest\2.2\hamcrest-2.2.jar;C:\Users\dhryciuk\.m2\repository\io\github\bonigarcia\webdrivermanager\4.4.1\webdrivermanager-4.4.1.jar;C:\Users\dhryciuk\.m2\repository\org\slf4j\slf4j-api\1.7.30\slf4j-api-1.7.30.jar;C:\Users\dhryciuk\.m2\repository\commons-io\commons-io\2.8.0\commons-io-2.8.0.jar;C:\Users\dhryciuk\.m2\repository\com\google\code\gson\gson\2.8.6\gson-2.8.6.jar;C:\Users\dhryciuk\.m2\repository\org\apache\commons\commons-lang3\3.12.0\commons-lang3-3.12.0.jar;C:\Users\dhryciuk\.m2\repository\org\apache\httpcomponents\client5\httpclient5\5.0.3\httpclient5-5.0.3.jar;C:\Users\dhryciuk\.m2\repository\org\apache\httpcomponents\core5\httpcore5\5.0.2\httpcore5-5.0.2.jar;C:\Users\dhryciuk\.m2\repository\org\apache\httpcomponents\core5\httpcore5-h2\5.0.2\httpcore5-h2-5.0.2.jar;C:\Users\dhryciuk\.m2\repository\commons-codec\commons-codec\1.13\commons-codec-1.13.jar;C:\Users\dhryciuk\.m2\repository\org\rauschig\jarchivelib\1.1.0\jarchivelib-1.1.0.jar;C:\Users\dhryciuk\.m2\repository\org\apache\commons\commons-compress\1.20\commons-compress-1.20.jar;C:\Users\dhryciuk\.m2\repository\org\jsoup\jsoup\1.13.1\jsoup-1.13.1.jar;C:\Users\dhryciuk\.m2\repository\org\junit\jupiter\junit-jupiter-params\5.7.1\junit-jupiter-params-5.7.1.jar;C:\Users\dhryciuk\.m2\repository\ch\qos\logback\logback-classic\1.2.3\logback-classic-1.2.3.jar;C:\Users\dhryciuk\.m2\repository\ch\qos\logback\logback-core\1.2.3\logback-core-1.2.3.jar;"/>
    <property name="java.vm.vendor" value="Oracle Corporation"/>
    <property name="sun.arch.data.model" value="64"/>
    <property name="user.variant" value=""/>
    <property name="java.vendor.url" value="http://java.oracle.com/"/>
    <property name="user.timezone" value="Europe/Belgrade"/>
    <property name="java.vm.specification.version" value="11"/>
    <property name="os.name" value="Windows 10"/>
    <property name="sun.java.launcher" value="SUN_STANDARD"/>
    <property name="user.country" value="PL"/>
    <property name="sun.boot.library.path" value="C:\Java\jdk-11\bin"/>
    <property name="sun.java.command" value="C:\Users\dhryciuk\AppData\Local\Temp\surefire5120701168259131868\surefirebooter16765187198241658668.jar C:\Users\dhryciuk\AppData\Local\Temp\surefire5120701168259131868 2021-06-05T15-49-21_420-jvmRun1 surefire1106431548294580633tmp surefire_01641211723538083831tmp"/>
    <property name="jdk.debug" value="release"/>
    <property name="surefire.test.class.path" value="C:\Users\dhryciuk\Desktop\Szkolka_selenium\Selenium_automationpractice_full_framework\target\test-classes;C:\Users\dhryciuk\Desktop\Szkolka_selenium\Selenium_automationpractice_full_framework\target\classes;C:\Users\dhryciuk\.m2\repository\org\seleniumhq\selenium\selenium-java\3.141.59\selenium-java-3.141.59.jar;C:\Users\dhryciuk\.m2\repository\org\seleniumhq\selenium\selenium-api\3.141.59\selenium-api-3.141.59.jar;C:\Users\dhryciuk\.m2\repository\org\seleniumhq\selenium\selenium-chrome-driver\3.141.59\selenium-chrome-driver-3.141.59.jar;C:\Users\dhryciuk\.m2\repository\org\seleniumhq\selenium\selenium-edge-driver\3.141.59\selenium-edge-driver-3.141.59.jar;C:\Users\dhryciuk\.m2\repository\org\seleniumhq\selenium\selenium-firefox-driver\3.141.59\selenium-firefox-driver-3.141.59.jar;C:\Users\dhryciuk\.m2\repository\org\seleniumhq\selenium\selenium-ie-driver\3.141.59\selenium-ie-driver-3.141.59.jar;C:\Users\dhryciuk\.m2\repository\org\seleniumhq\selenium\selenium-opera-driver\3.141.59\selenium-opera-driver-3.141.59.jar;C:\Users\dhryciuk\.m2\repository\org\seleniumhq\selenium\selenium-remote-driver\3.141.59\selenium-remote-driver-3.141.59.jar;C:\Users\dhryciuk\.m2\repository\org\seleniumhq\selenium\selenium-safari-driver\3.141.59\selenium-safari-driver-3.141.59.jar;C:\Users\dhryciuk\.m2\repository\net\bytebuddy\byte-buddy\1.8.15\byte-buddy-1.8.15.jar;C:\Users\dhryciuk\.m2\repository\org\apache\commons\commons-exec\1.3\commons-exec-1.3.jar;C:\Users\dhryciuk\.m2\repository\com\google\guava\guava\25.0-jre\guava-25.0-jre.jar;C:\Users\dhryciuk\.m2\repository\com\google\code\findbugs\jsr305\1.3.9\jsr305-1.3.9.jar;C:\Users\dhryciuk\.m2\repository\org\checkerframework\checker-compat-qual\2.0.0\checker-compat-qual-2.0.0.jar;C:\Users\dhryciuk\.m2\repository\com\google\errorprone\error_prone_annotations\2.1.3\error_prone_annotations-2.1.3.jar;C:\Users\dhryciuk\.m2\repository\com\google\j2objc\j2objc-annotations\1.1\j2objc-annotations-1.1.jar;C:\Users\dhryciuk\.m2\repository\org\codehaus\mojo\animal-sniffer-annotations\1.14\animal-sniffer-annotations-1.14.jar;C:\Users\dhryciuk\.m2\repository\com\squareup\okhttp3\okhttp\3.11.0\okhttp-3.11.0.jar;C:\Users\dhryciuk\.m2\repository\com\squareup\okio\okio\1.14.0\okio-1.14.0.jar;C:\Users\dhryciuk\.m2\repository\org\junit\jupiter\junit-jupiter-engine\5.7.1\junit-jupiter-engine-5.7.1.jar;C:\Users\dhryciuk\.m2\repository\org\apiguardian\apiguardian-api\1.1.0\apiguardian-api-1.1.0.jar;C:\Users\dhryciuk\.m2\repository\org\junit\platform\junit-platform-engine\1.7.1\junit-platform-engine-1.7.1.jar;C:\Users\dhryciuk\.m2\repository\org\junit\jupiter\junit-jupiter-api\5.7.1\junit-jupiter-api-5.7.1.jar;C:\Users\dhryciuk\.m2\repository\org\opentest4j\opentest4j\1.2.0\opentest4j-1.2.0.jar;C:\Users\dhryciuk\.m2\repository\org\junit\platform\junit-platform-commons\1.7.1\junit-platform-commons-1.7.1.jar;C:\Users\dhryciuk\.m2\repository\org\seleniumhq\selenium\selenium-support\3.141.59\selenium-support-3.141.59.jar;C:\Users\dhryciuk\.m2\repository\org\hamcrest\hamcrest\2.2\hamcrest-2.2.jar;C:\Users\dhryciuk\.m2\repository\io\github\bonigarcia\webdrivermanager\4.4.1\webdrivermanager-4.4.1.jar;C:\Users\dhryciuk\.m2\repository\org\slf4j\slf4j-api\1.7.30\slf4j-api-1.7.30.jar;C:\Users\dhryciuk\.m2\repository\commons-io\commons-io\2.8.0\commons-io-2.8.0.jar;C:\Users\dhryciuk\.m2\repository\com\google\code\gson\gson\2.8.6\gson-2.8.6.jar;C:\Users\dhryciuk\.m2\repository\org\apache\commons\commons-lang3\3.12.0\commons-lang3-3.12.0.jar;C:\Users\dhryciuk\.m2\repository\org\apache\httpcomponents\client5\httpclient5\5.0.3\httpclient5-5.0.3.jar;C:\Users\dhryciuk\.m2\repository\org\apache\httpcomponents\core5\httpcore5\5.0.2\httpcore5-5.0.2.jar;C:\Users\dhryciuk\.m2\repository\org\apache\httpcomponents\core5\httpcore5-h2\5.0.2\httpcore5-h2-5.0.2.jar;C:\Users\dhryciuk\.m2\repository\commons-codec\commons-codec\1.13\commons-codec-1.13.jar;C:\Users\dhryciuk\.m2\repository\org\rauschig\jarchivelib\1.1.0\jarchivelib-1.1.0.jar;C:\Users\dhryciuk\.m2\repository\org\apache\commons\commons-compress\1.20\commons-compress-1.20.jar;C:\Users\dhryciuk\.m2\repository\org\jsoup\jsoup\1.13.1\jsoup-1.13.1.jar;C:\Users\dhryciuk\.m2\repository\org\junit\jupiter\junit-jupiter-params\5.7.1\junit-jupiter-params-5.7.1.jar;C:\Users\dhryciuk\.m2\repository\ch\qos\logback\logback-classic\1.2.3\logback-classic-1.2.3.jar;C:\Users\dhryciuk\.m2\repository\ch\qos\logback\logback-core\1.2.3\logback-core-1.2.3.jar;"/>
    <property name="sun.cpu.endian" value="little"/>
    <property name="user.home" value="C:\Users\dhryciuk"/>
    <property name="user.language" value="pl"/>
    <property name="java.specification.vendor" value="Oracle Corporation"/>
    <property name="java.version.date" value="2018-09-25"/>
    <property name="java.home" value="C:\Java\jdk-11"/>
    <property name="file.separator" value="\"/>
    <property name="basedir" value="C:\Users\dhryciuk\Desktop\Szkolka_selenium\Selenium_automationpractice_full_framework"/>
    <property name="java.vm.compressedOopsMode" value="Zero based"/>
    <property name="line.separator" value="&#10;"/>
    <property name="java.specification.name" value="Java Platform API Specification"/>
    <property name="java.vm.specification.vendor" value="Oracle Corporation"/>
    <property name="java.awt.graphicsenv" value="sun.awt.Win32GraphicsEnvironment"/>
    <property name="surefire.real.class.path" value="C:\Users\dhryciuk\AppData\Local\Temp\surefire5120701168259131868\surefirebooter16765187198241658668.jar"/>
    <property name="user.script" value=""/>
    <property name="sun.management.compiler" value="HotSpot 64-Bit Tiered Compilers"/>
    <property name="java.runtime.version" value="11+28"/>
    <property name="user.name" value="dhryciuk"/>
    <property name="path.separator" value=";"/>
    <property name="os.version" value="10.0"/>
    <property name="java.runtime.name" value="OpenJDK Runtime Environment"/>
    <property name="file.encoding" value="Cp1250"/>
    <property name="java.vm.name" value="OpenJDK 64-Bit Server VM"/>
    <property name="java.vendor.version" value="18.9"/>
    <property name="localRepository" value="C:\Users\dhryciuk\.m2\repository"/>
    <property name="java.vendor.url.bug" value="http://bugreport.java.com/bugreport/"/>
    <property name="java.io.tmpdir" value="C:\Users\dhryciuk\AppData\Local\Temp\"/>
    <property name="java.version" value="11"/>
    <property name="user.dir" value="C:\Users\dhryciuk\Desktop\Szkolka_selenium\Selenium_automationpractice_full_framework"/>
    <property name="os.arch" value="amd64"/>
    <property name="java.vm.specification.name" value="Java Virtual Machine Specification"/>
    <property name="java.awt.printerjob" value="sun.awt.windows.WPrinterJob"/>
    <property name="sun.os.patch.level" value=""/>
    <property name="java.library.path" value="C:\Java\jdk-11\bin;C:\WINDOWS\Sun\Java\bin;C:\WINDOWS\system32;C:\WINDOWS;C:\app\client\dhryciuk_adm\product\12.1.0\client_1;C:\app\client\dhryciuk_adm\product\12.1.0\client_1\bin;C:\Program Files\Microsoft MPI\Bin\;C:\WINDOWS\system32;C:\WINDOWS;C:\WINDOWS\System32\Wbem;C:\WINDOWS\System32\WindowsPowerShell\v1.0\;C:\WINDOWS\System32\OpenSSH\;C:\Program Files\PuTTY\;C:\Program Files\Java\java-1.8.0\bin;C:\Program Files\Java\java-1.8.0\bin;C:\maven\bin;C:\Program Files (x86)\Microsoft SQL Server\150\Tools\Binn\;C:\Program Files\Microsoft SQL Server\150\Tools\Binn\;C:\Program Files (x86)\Microsoft SQL Server\150\DTS\Binn\;C:\Program Files\Microsoft SQL Server\150\DTS\Binn\;C:\Program Files\Microsoft SQL Server\Client SDK\ODBC\170\Tools\Binn\;C:\Program Files (x86)\Micro Focus\Unified Functional Testing\bin;C:\Users\dhryciuk\AppData\Local\Microsoft\WindowsApps;C:\Users\dhryciuk\AppData\Local\Programs\Git\cmd;C:\Microsoft VS Code\bin;;."/>
    <property name="java.vendor" value="Oracle Corporation"/>
    <property name="java.vm.info" value="mixed mode"/>
    <property name="java.vm.version" value="11+28"/>
    <property name="sun.io.unicode.encoding" value="UnicodeLittle"/>
    <property name="java.class.version" value="55.0"/>
  </properties>
  <testcase name="automationPracticePurchase1" classname="com.tests.SeleniumTest" time="17.76"/>
  <testcase name="automationPracticePurchase2" classname="com.tests.SeleniumTest" time="15.117"/>
  <testcase name="automationPracticePurchase3" classname="com.tests.SeleniumTest" time="6.535">
    <error message="no such window: target window already closed&#10;from unknown error: web view not found&#10;  (Session info: chrome=90.0.4430.212)&#10;Build info: version: &apos;3.141.59&apos;, revision: &apos;e82be7d358&apos;, time: &apos;2018-11-14T08:17:03&apos;&#10;System info: host: &apos;1K55P13&apos;, ip: &apos;192.168.0.31&apos;, os.name: &apos;Windows 10&apos;, os.arch: &apos;amd64&apos;, os.version: &apos;10.0&apos;, java.version: &apos;11&apos;&#10;Driver info: org.openqa.selenium.chrome.ChromeDriver&#10;Capabilities {acceptInsecureCerts: false, browserName: chrome, browserVersion: 90.0.4430.212, chrome: {chromedriverVersion: 90.0.4430.24 (4c6d850f087da..., userDataDir: C:\Users\dhryciuk\AppData\L...}, goog:chromeOptions: {debuggerAddress: localhost:50078}, javascriptEnabled: true, networkConnectionEnabled: false, pageLoadStrategy: normal, platform: WINDOWS, platformName: WINDOWS, proxy: Proxy(), setWindowRect: true, strictFileInteractability: false, timeouts: {implicit: 0, pageLoad: 300000, script: 30000}, unhandledPromptBehavior: dismiss and notify, webauthn:extension:largeBlob: true, webauthn:virtualAuthenticators: true}&#10;Session ID: c1c9132ca7902cc2da2f6db769fa652f&#10;*** Element info: {Using=partial link text, value=Sign in}" type="org.openqa.selenium.NoSuchWindowException">org.openqa.selenium.NoSuchWindowException: 
no such window: target window already closed
from unknown error: web view not found
  (Session info: chrome=90.0.4430.212)
Build info: version: '3.141.59', revision: 'e82be7d358', time: '2018-11-14T08:17:03'
System info: host: '1K55P13', ip: '192.168.0.31', os.name: 'Windows 10', os.arch: 'amd64', os.version: '10.0', java.version: '11'
Driver info: org.openqa.selenium.chrome.ChromeDriver
Capabilities {acceptInsecureCerts: false, browserName: chrome, browserVersion: 90.0.4430.212, chrome: {chromedriverVersion: 90.0.4430.24 (4c6d850f087da..., userDataDir: C:\Users\dhryciuk\AppData\L...}, goog:chromeOptions: {debuggerAddress: localhost:50078}, javascriptEnabled: true, networkConnectionEnabled: false, pageLoadStrategy: normal, platform: WINDOWS, platformName: WINDOWS, proxy: Proxy(), setWindowRect: true, strictFileInteractability: false, timeouts: {implicit: 0, pageLoad: 300000, script: 30000}, unhandledPromptBehavior: dismiss and notify, webauthn:extension:largeBlob: true, webauthn:virtualAuthenticators: true}
Session ID: c1c9132ca7902cc2da2f6db769fa652f
*** Element info: {Using=partial link text, value=Sign in}
	at com.tests.SeleniumTest.automationPracticePurchase3(SeleniumTest.java:59)
</error>
    <system-out><![CDATA[2021-06-05 15:49:57 &amp#27;[39mDEBUG&amp#27;[0;39m - &amp#27;[39m Resolution chrome=90 in cache (valid until 16:47:06 05/06/2021 CEST)
&amp#27;[0;39m2021-06-05 15:49:57 &amp#27;[39mDEBUG&amp#27;[0;39m - &amp#27;[39m Resolution chrome90=90.0.4430.24 in cache (valid until 13:42:12 06/06/2021 CEST)
&amp#27;[0;39m2021-06-05 15:49:57 &amp#27;[34mINFO &amp#27;[0;39m - &amp#27;[34m Using chromedriver 90.0.4430.24 (resolved driver for Chrome 90)
&amp#27;[0;39m2021-06-05 15:49:57 &amp#27;[39mTRACE&amp#27;[0;39m - &amp#27;[39m Checking if chromedriver exists in cache
&amp#27;[0;39m2021-06-05 15:49:57 &amp#27;[39mTRACE&amp#27;[0;39m - &amp#27;[39m Filter cache by chromedriver -- input list [C:\Users\dhryciuk\.cache\selenium\chromedriver\win32\90.0.4430.24\chromedriver.exe, C:\Users\dhryciuk\.cache\selenium\geckodriver\win64\0.26.0\geckodriver.exe, C:\Users\dhryciuk\.cache\selenium\resolution.properties] -- output list [C:\Users\dhryciuk\.cache\selenium\chromedriver\win32\90.0.4430.24\chromedriver.exe] 
&amp#27;[0;39m2021-06-05 15:49:57 &amp#27;[39mTRACE&amp#27;[0;39m - &amp#27;[39m Filter cache by 90.0.4430.24 -- input list [C:\Users\dhryciuk\.cache\selenium\chromedriver\win32\90.0.4430.24\chromedriver.exe] -- output list [C:\Users\dhryciuk\.cache\selenium\chromedriver\win32\90.0.4430.24\chromedriver.exe] 
&amp#27;[0;39m2021-06-05 15:49:57 &amp#27;[39mTRACE&amp#27;[0;39m - &amp#27;[39m Filter cache by WIN -- input list [C:\Users\dhryciuk\.cache\selenium\chromedriver\win32\90.0.4430.24\chromedriver.exe] -- output list [C:\Users\dhryciuk\.cache\selenium\chromedriver\win32\90.0.4430.24\chromedriver.exe] 
&amp#27;[0;39m2021-06-05 15:49:57 &amp#27;[39mDEBUG&amp#27;[0;39m - &amp#27;[39m Driver chromedriver 90.0.4430.24 found in cache
&amp#27;[0;39m2021-06-05 15:49:57 &amp#27;[34mINFO &amp#27;[0;39m - &amp#27;[34m Exporting webdriver.chrome.driver as C:\Users\dhryciuk\.cache\selenium\chromedriver\win32\90.0.4430.24\chromedriver.exe
&amp#27;[0;39m2021-06-05 15:50:02 &amp#27;[39mDEBUG&amp#27;[0;39m - &amp#27;[39m Creating page object: MainPage
&amp#27;[0;39m2021-06-05 15:50:02 &amp#27;[39mDEBUG&amp#27;[0;39m - &amp#27;[39m Driver initialized
&amp#27;[0;39m2021-06-05 15:50:02 &amp#27;[34mINFO &amp#27;[0;39m - &amp#27;[34m >>>> Start test >>>>>
&amp#27;[0;39m2021-06-05 15:50:02 &amp#27;[34mINFO &amp#27;[0;39m - &amp#27;[34m Go to 'Sign in' page
&amp#27;[0;39m2021-06-05 15:50:03 &amp#27;[39mDEBUG&amp#27;[0;39m - &amp#27;[39m Driver closed
&amp#27;[0;39m]]></system-out>
    <system-err><![CDATA[Starting ChromeDriver 90.0.4430.24 (4c6d850f087da467d926e8eddb76550aed655991-refs/branch-heads/4430@{#429}) on port 16052
Only local connections are allowed.
Please see https://chromedriver.chromium.org/security-considerations for suggestions on keeping ChromeDriver safe.
ChromeDriver was started successfully.
cze 05, 2021 3:49:58 PM org.openqa.selenium.remote.ProtocolHandshake createSession
INFO: Detected dialect: W3C
]]></system-err>
  </testcase>
  <testcase name="automationPracticePurchase4" classname="com.tests.SeleniumTest" time="2.385">
    <error message="unknown error: cannot determine loading status&#10;from disconnected: received Inspector.detached event&#10;  (Session info: chrome=90.0.4430.212)&#10;Build info: version: &apos;3.141.59&apos;, revision: &apos;e82be7d358&apos;, time: &apos;2018-11-14T08:17:03&apos;&#10;System info: host: &apos;1K55P13&apos;, ip: &apos;192.168.0.31&apos;, os.name: &apos;Windows 10&apos;, os.arch: &apos;amd64&apos;, os.version: &apos;10.0&apos;, java.version: &apos;11&apos;&#10;Driver info: org.openqa.selenium.chrome.ChromeDriver&#10;Capabilities {acceptInsecureCerts: false, browserName: chrome, browserVersion: 90.0.4430.212, chrome: {chromedriverVersion: 90.0.4430.24 (4c6d850f087da..., userDataDir: C:\Users\dhryciuk\AppData\L...}, goog:chromeOptions: {debuggerAddress: localhost:50102}, javascriptEnabled: true, networkConnectionEnabled: false, pageLoadStrategy: normal, platform: WINDOWS, platformName: WINDOWS, proxy: Proxy(), setWindowRect: true, strictFileInteractability: false, timeouts: {implicit: 0, pageLoad: 300000, script: 30000}, unhandledPromptBehavior: dismiss and notify, webauthn:extension:largeBlob: true, webauthn:virtualAuthenticators: true}&#10;Session ID: 729e5f768a3403258bdf60cd22b6d497" type="org.openqa.selenium.WebDriverException">org.openqa.selenium.WebDriverException: 
unknown error: cannot determine loading status
from disconnected: received Inspector.detached event
  (Session info: chrome=90.0.4430.212)
Build info: version: '3.141.59', revision: 'e82be7d358', time: '2018-11-14T08:17:03'
System info: host: '1K55P13', ip: '192.168.0.31', os.name: 'Windows 10', os.arch: 'amd64', os.version: '10.0', java.version: '11'
Driver info: org.openqa.selenium.chrome.ChromeDriver
Capabilities {acceptInsecureCerts: false, browserName: chrome, browserVersion: 90.0.4430.212, chrome: {chromedriverVersion: 90.0.4430.24 (4c6d850f087da..., userDataDir: C:\Users\dhryciuk\AppData\L...}, goog:chromeOptions: {debuggerAddress: localhost:50102}, javascriptEnabled: true, networkConnectionEnabled: false, pageLoadStrategy: normal, platform: WINDOWS, platformName: WINDOWS, proxy: Proxy(), setWindowRect: true, strictFileInteractability: false, timeouts: {implicit: 0, pageLoad: 300000, script: 30000}, unhandledPromptBehavior: dismiss and notify, webauthn:extension:largeBlob: true, webauthn:virtualAuthenticators: true}
Session ID: 729e5f768a3403258bdf60cd22b6d497
</error>
    <system-out><![CDATA[2021-06-05 15:50:03 &amp#27;[39mDEBUG&amp#27;[0;39m - &amp#27;[39m Resolution chrome=90 in cache (valid until 16:47:06 05/06/2021 CEST)
&amp#27;[0;39m2021-06-05 15:50:03 &amp#27;[39mDEBUG&amp#27;[0;39m - &amp#27;[39m Resolution chrome90=90.0.4430.24 in cache (valid until 13:42:12 06/06/2021 CEST)
&amp#27;[0;39m2021-06-05 15:50:03 &amp#27;[34mINFO &amp#27;[0;39m - &amp#27;[34m Using chromedriver 90.0.4430.24 (resolved driver for Chrome 90)
&amp#27;[0;39m2021-06-05 15:50:03 &amp#27;[39mTRACE&amp#27;[0;39m - &amp#27;[39m Checking if chromedriver exists in cache
&amp#27;[0;39m2021-06-05 15:50:03 &amp#27;[39mTRACE&amp#27;[0;39m - &amp#27;[39m Filter cache by chromedriver -- input list [C:\Users\dhryciuk\.cache\selenium\chromedriver\win32\90.0.4430.24\chromedriver.exe, C:\Users\dhryciuk\.cache\selenium\geckodriver\win64\0.26.0\geckodriver.exe, C:\Users\dhryciuk\.cache\selenium\resolution.properties] -- output list [C:\Users\dhryciuk\.cache\selenium\chromedriver\win32\90.0.4430.24\chromedriver.exe] 
&amp#27;[0;39m2021-06-05 15:50:03 &amp#27;[39mTRACE&amp#27;[0;39m - &amp#27;[39m Filter cache by 90.0.4430.24 -- input list [C:\Users\dhryciuk\.cache\selenium\chromedriver\win32\90.0.4430.24\chromedriver.exe] -- output list [C:\Users\dhryciuk\.cache\selenium\chromedriver\win32\90.0.4430.24\chromedriver.exe] 
&amp#27;[0;39m2021-06-05 15:50:03 &amp#27;[39mTRACE&amp#27;[0;39m - &amp#27;[39m Filter cache by WIN -- input list [C:\Users\dhryciuk\.cache\selenium\chromedriver\win32\90.0.4430.24\chromedriver.exe] -- output list [C:\Users\dhryciuk\.cache\selenium\chromedriver\win32\90.0.4430.24\chromedriver.exe] 
&amp#27;[0;39m2021-06-05 15:50:03 &amp#27;[39mDEBUG&amp#27;[0;39m - &amp#27;[39m Driver chromedriver 90.0.4430.24 found in cache
&amp#27;[0;39m2021-06-05 15:50:03 &amp#27;[34mINFO &amp#27;[0;39m - &amp#27;[34m Exporting webdriver.chrome.driver as C:\Users\dhryciuk\.cache\selenium\chromedriver\win32\90.0.4430.24\chromedriver.exe
&amp#27;[0;39m2021-06-05 15:50:06 &amp#27;[39mDEBUG&amp#27;[0;39m - &amp#27;[39m Driver closed
&amp#27;[0;39m]]></system-out>
    <system-err><![CDATA[Starting ChromeDriver 90.0.4430.24 (4c6d850f087da467d926e8eddb76550aed655991-refs/branch-heads/4430@{#429}) on port 38684
Only local connections are allowed.
Please see https://chromedriver.chromium.org/security-considerations for suggestions on keeping ChromeDriver safe.
ChromeDriver was started successfully.
cze 05, 2021 3:50:04 PM org.openqa.selenium.remote.ProtocolHandshake createSession
INFO: Detected dialect: W3C
]]></system-err>
  </testcase>
  <testcase name="automationPracticePurchase5" classname="com.tests.SeleniumTest" time="2.266">
    <error message="unknown error: cannot determine loading status&#10;from disconnected: received Inspector.detached event&#10;  (Session info: chrome=90.0.4430.212)&#10;Build info: version: &apos;3.141.59&apos;, revision: &apos;e82be7d358&apos;, time: &apos;2018-11-14T08:17:03&apos;&#10;System info: host: &apos;1K55P13&apos;, ip: &apos;192.168.0.31&apos;, os.name: &apos;Windows 10&apos;, os.arch: &apos;amd64&apos;, os.version: &apos;10.0&apos;, java.version: &apos;11&apos;&#10;Driver info: org.openqa.selenium.chrome.ChromeDriver&#10;Capabilities {acceptInsecureCerts: false, browserName: chrome, browserVersion: 90.0.4430.212, chrome: {chromedriverVersion: 90.0.4430.24 (4c6d850f087da..., userDataDir: C:\Users\dhryciuk\AppData\L...}, goog:chromeOptions: {debuggerAddress: localhost:50116}, javascriptEnabled: true, networkConnectionEnabled: false, pageLoadStrategy: normal, platform: WINDOWS, platformName: WINDOWS, proxy: Proxy(), setWindowRect: true, strictFileInteractability: false, timeouts: {implicit: 0, pageLoad: 300000, script: 30000}, unhandledPromptBehavior: dismiss and notify, webauthn:extension:largeBlob: true, webauthn:virtualAuthenticators: true}&#10;Session ID: e101412efbf328589aa7f199ec81fce4" type="org.openqa.selenium.WebDriverException">org.openqa.selenium.WebDriverException: 
unknown error: cannot determine loading status
from disconnected: received Inspector.detached event
  (Session info: chrome=90.0.4430.212)
Build info: version: '3.141.59', revision: 'e82be7d358', time: '2018-11-14T08:17:03'
System info: host: '1K55P13', ip: '192.168.0.31', os.name: 'Windows 10', os.arch: 'amd64', os.version: '10.0', java.version: '11'
Driver info: org.openqa.selenium.chrome.ChromeDriver
Capabilities {acceptInsecureCerts: false, browserName: chrome, browserVersion: 90.0.4430.212, chrome: {chromedriverVersion: 90.0.4430.24 (4c6d850f087da..., userDataDir: C:\Users\dhryciuk\AppData\L...}, goog:chromeOptions: {debuggerAddress: localhost:50116}, javascriptEnabled: true, networkConnectionEnabled: false, pageLoadStrategy: normal, platform: WINDOWS, platformName: WINDOWS, proxy: Proxy(), setWindowRect: true, strictFileInteractability: false, timeouts: {implicit: 0, pageLoad: 300000, script: 30000}, unhandledPromptBehavior: dismiss and notify, webauthn:extension:largeBlob: true, webauthn:virtualAuthenticators: true}
Session ID: e101412efbf328589aa7f199ec81fce4
</error>
    <system-out><![CDATA[2021-06-05 15:50:06 &amp#27;[39mDEBUG&amp#27;[0;39m - &amp#27;[39m Resolution chrome=90 in cache (valid until 16:47:06 05/06/2021 CEST)
&amp#27;[0;39m2021-06-05 15:50:06 &amp#27;[39mDEBUG&amp#27;[0;39m - &amp#27;[39m Resolution chrome90=90.0.4430.24 in cache (valid until 13:42:12 06/06/2021 CEST)
&amp#27;[0;39m2021-06-05 15:50:06 &amp#27;[34mINFO &amp#27;[0;39m - &amp#27;[34m Using chromedriver 90.0.4430.24 (resolved driver for Chrome 90)
&amp#27;[0;39m2021-06-05 15:50:06 &amp#27;[39mTRACE&amp#27;[0;39m - &amp#27;[39m Checking if chromedriver exists in cache
&amp#27;[0;39m2021-06-05 15:50:06 &amp#27;[39mTRACE&amp#27;[0;39m - &amp#27;[39m Filter cache by chromedriver -- input list [C:\Users\dhryciuk\.cache\selenium\chromedriver\win32\90.0.4430.24\chromedriver.exe, C:\Users\dhryciuk\.cache\selenium\geckodriver\win64\0.26.0\geckodriver.exe, C:\Users\dhryciuk\.cache\selenium\resolution.properties] -- output list [C:\Users\dhryciuk\.cache\selenium\chromedriver\win32\90.0.4430.24\chromedriver.exe] 
&amp#27;[0;39m2021-06-05 15:50:06 &amp#27;[39mTRACE&amp#27;[0;39m - &amp#27;[39m Filter cache by 90.0.4430.24 -- input list [C:\Users\dhryciuk\.cache\selenium\chromedriver\win32\90.0.4430.24\chromedriver.exe] -- output list [C:\Users\dhryciuk\.cache\selenium\chromedriver\win32\90.0.4430.24\chromedriver.exe] 
&amp#27;[0;39m2021-06-05 15:50:06 &amp#27;[39mTRACE&amp#27;[0;39m - &amp#27;[39m Filter cache by WIN -- input list [C:\Users\dhryciuk\.cache\selenium\chromedriver\win32\90.0.4430.24\chromedriver.exe] -- output list [C:\Users\dhryciuk\.cache\selenium\chromedriver\win32\90.0.4430.24\chromedriver.exe] 
&amp#27;[0;39m2021-06-05 15:50:06 &amp#27;[39mDEBUG&amp#27;[0;39m - &amp#27;[39m Driver chromedriver 90.0.4430.24 found in cache
&amp#27;[0;39m2021-06-05 15:50:06 &amp#27;[34mINFO &amp#27;[0;39m - &amp#27;[34m Exporting webdriver.chrome.driver as C:\Users\dhryciuk\.cache\selenium\chromedriver\win32\90.0.4430.24\chromedriver.exe
&amp#27;[0;39m2021-06-05 15:50:08 &amp#27;[39mDEBUG&amp#27;[0;39m - &amp#27;[39m Driver closed
&amp#27;[0;39m]]></system-out>
    <system-err><![CDATA[Starting ChromeDriver 90.0.4430.24 (4c6d850f087da467d926e8eddb76550aed655991-refs/branch-heads/4430@{#429}) on port 38213
Only local connections are allowed.
Please see https://chromedriver.chromium.org/security-considerations for suggestions on keeping ChromeDriver safe.
ChromeDriver was started successfully.
cze 05, 2021 3:50:07 PM org.openqa.selenium.remote.ProtocolHandshake createSession
INFO: Detected dialect: W3C
]]></system-err>
  </testcase>
</testsuite>